#
# A fatal error has been detected by the Java Runtime Environment:
#
#  SIGSEGV (0xb) at pc=0x00007fa215bb6f2a, pid=12626, tid=12627
#
# JRE version: Java(TM) SE Runtime Environment (11.0.3+12) (build 11.0.3+12-LTS)
# Java VM: Java HotSpot(TM) 64-Bit Server VM (11.0.3+12-LTS, mixed mode, tiered, compressed oops, g1 gc, linux-amd64)
# Problematic frame:
# V  [libjvm.so+0xa71f2a]  LinkResolver::resolve_invoke(CallInfo&, Handle, constantPoolHandle const&, int, Bytecodes::Code, Thread*)+0x15a
#
# Core dump will be written. Default location: Core dumps may be processed with "/usr/share/apport/apport %p %s %c %d %P" (or dumping to /home/zhivar/Documents/university/compiler/phase4/PLC_Spring98_Toorla/artifact/core.12626)
#
# If you would like to submit a bug report, please visit:
#   http://bugreport.java.com/bugreport/crash.jsp
#

---------------  S U M M A R Y ------------

Command Line: -Xverify:none Runner

Host: Intel(R) Core(TM) i7-7500U CPU @ 2.70GHz, 4 cores, 7G, Ubuntu 18.04.2 LTS
Time: Fri Jun  7 15:34:42 2019 +0430 elapsed time: 0 seconds (0d 0h 0m 0s)

---------------  T H R E A D  ---------------

Current thread (0x00007fa210012000):  JavaThread "main" [_thread_in_vm, id=12627, stack(0x00007fa217312000,0x00007fa217413000)]

Stack: [0x00007fa217312000,0x00007fa217413000],  sp=0x00007fa2174112c0,  free space=1020k
Native frames: (J=compiled Java code, A=aot compiled Java code, j=interpreted, Vv=VM code, C=native code)
V  [libjvm.so+0xa71f2a]  LinkResolver::resolve_invoke(CallInfo&, Handle, constantPoolHandle const&, int, Bytecodes::Code, Thread*)+0x15a
V  [libjvm.so+0x87d586]  InterpreterRuntime::resolve_invoke(JavaThread*, Bytecodes::Code)+0x2e6
V  [libjvm.so+0x87e47d]  InterpreterRuntime::resolve_from_cache(JavaThread*, Bytecodes::Code)+0x16d
j  java.lang.String.valueOf(Ljava/lang/Object;)Ljava/lang/String;+10 java.base@11.0.3
j  java.util.Arrays.toString([Ljava/lang/Object;)Ljava/lang/String;+41 java.base@11.0.3
j  Test.main()I+27
j  Runner.main([Ljava/lang/String;)V+10
v  ~StubRoutines::call_stub
V  [libjvm.so+0x887139]  JavaCalls::call_helper(JavaValue*, methodHandle const&, JavaCallArguments*, Thread*)+0x3b9
V  [libjvm.so+0x901c4a]  jni_invoke_static(JNIEnv_*, JavaValue*, _jobject*, JNICallType, _jmethodID*, JNI_ArgumentPusher*, Thread*) [clone .isra.65] [clone .constprop.193]+0x1ba
V  [libjvm.so+0x9042b4]  jni_CallStaticVoidMethod+0x164
C  [libjli.so+0x582d]  JavaMain+0xe4d

Java frames: (J=compiled Java code, j=interpreted, Vv=VM code)
j  java.lang.String.valueOf(Ljava/lang/Object;)Ljava/lang/String;+10 java.base@11.0.3
j  java.util.Arrays.toString([Ljava/lang/Object;)Ljava/lang/String;+41 java.base@11.0.3
j  Test.main()I+27
j  Runner.main([Ljava/lang/String;)V+10
v  ~StubRoutines::call_stub

siginfo: si_signo: 11 (SIGSEGV), si_code: 1 (SEGV_MAPERR), si_addr: 0x0000000000000009

Register to memory mapping:

RAX=0x0000000000000001 is an unknown value
RBX=0x00007fa217411430 is pointing into the stack for thread: 0x00007fa210012000
RCX=0x0000000000000010 is an unknown value
RDX=0x00007fa216590cec: <offset 0x000000000144bcec> in /usr/lib/jvm/jdk-11.0.3/lib/server/libjvm.so at 0x00007fa215145000
RSP=0x00007fa2174112c0 is pointing into the stack for thread: 0x00007fa210012000
RBP=0x00007fa217411360 is pointing into the stack for thread: 0x00007fa210012000
RSI=0x00007fa2174112e0 is pointing into the stack for thread: 0x00007fa210012000
RDI=0x00007fa2174112e0 is pointing into the stack for thread: 0x00007fa210012000
R8 =0x0 is NULL
R9 =0x0 is NULL
R10=0x00007fa2174112f0 is pointing into the stack for thread: 0x00007fa210012000
R11=0x00007fa216564410: <offset 0x000000000141f410> in /usr/lib/jvm/jdk-11.0.3/lib/server/libjvm.so at 0x00007fa215145000
R12=0x00007fa2174112e0 is pointing into the stack for thread: 0x00007fa210012000
R13=0x00007fa210012cd0 points into unknown readable memory: 01 00 00 00 00 00 00 00
R14=0x0 is NULL
R15=0x00007fa210012000 is a thread


Registers:
RAX=0x0000000000000001, RBX=0x00007fa217411430, RCX=0x0000000000000010, RDX=0x00007fa216590cec
RSP=0x00007fa2174112c0, RBP=0x00007fa217411360, RSI=0x00007fa2174112e0, RDI=0x00007fa2174112e0
R8 =0x0000000000000000, R9 =0x0000000000000000, R10=0x00007fa2174112f0, R11=0x00007fa216564410
R12=0x00007fa2174112e0, R13=0x00007fa210012cd0, R14=0x0000000000000000, R15=0x00007fa210012000
RIP=0x00007fa215bb6f2a, EFLAGS=0x0000000000010202, CSGSFS=0x002b000000000033, ERR=0x0000000000000004
  TRAPNO=0x000000000000000e

Top of Stack: (sp=0x00007fa2174112c0)
0x00007fa2174112c0:   00007fa210012000 00007fa2174112f0
0x00007fa2174112d0:   00007fa2174112f0 00007fa210012000
0x00007fa2174112e0:   0000000000000000 0000000000000000
0x00007fa2174112f0:   00007fa1ec6a7838 00007fa1ec6a9ab0 

Instructions: (pc=0x00007fa215bb6f2a)
0x00007fa215bb6f0a:   3a ff ff ff 45 31 f6 4d 85 ed 74 28 48 8d 15 cf
0x00007fa215bb6f1a:   9d 9d 00 49 8b 45 00 80 3a 00 0f 84 e6 03 00 00
0x00007fa215bb6f2a:   44 8b 70 08 48 8d 05 db d4 9a 00 8b 48 08 49 d3
0x00007fa215bb6f3a:   e6 4c 03 30 4c 89 d6 4c 89 fa 4c 89 e7 4c 89 95 

Stack slot to memory mapping:
stack at sp + 0 slots: 0x00007fa210012000 is a thread
stack at sp + 1 slots: 0x00007fa2174112f0 is pointing into the stack for thread: 0x00007fa210012000
stack at sp + 2 slots: 0x00007fa2174112f0 is pointing into the stack for thread: 0x00007fa210012000
stack at sp + 3 slots: 0x00007fa210012000 is a thread
stack at sp + 4 slots: 0x0 is NULL
stack at sp + 5 slots: 0x0 is NULL
stack at sp + 6 slots: 0x00007fa1ec6a7838 points into unknown readable memory: 08 00 ff ff e6 95 74 6f
stack at sp + 7 slots: 0x00007fa1ec6a9ab0 points into unknown readable memory: 14 00 ff ff 99 81 28 29


---------------  P R O C E S S  ---------------

Threads class SMR info:
_java_thread_list=0x00007fa21020aef0, length=9, elements={
0x00007fa210012000, 0x00007fa21014e800, 0x00007fa210152800, 0x00007fa210165000,
0x00007fa210167000, 0x00007fa210169000, 0x00007fa21016b000, 0x00007fa2101fa000,
0x00007fa210209800
}

Java Threads: ( => current thread )
=>0x00007fa210012000 JavaThread "main" [_thread_in_vm, id=12627, stack(0x00007fa217312000,0x00007fa217413000)]
  0x00007fa21014e800 JavaThread "Reference Handler" daemon [_thread_blocked, id=12634, stack(0x00007fa1ec420000,0x00007fa1ec521000)]
  0x00007fa210152800 JavaThread "Finalizer" daemon [_thread_blocked, id=12635, stack(0x00007fa1ec31f000,0x00007fa1ec420000)]
  0x00007fa210165000 JavaThread "Signal Dispatcher" daemon [_thread_blocked, id=12636, stack(0x00007fa1ec21e000,0x00007fa1ec31f000)]
  0x00007fa210167000 JavaThread "C2 CompilerThread0" daemon [_thread_blocked, id=12637, stack(0x00007fa1ec11d000,0x00007fa1ec21e000)]
  0x00007fa210169000 JavaThread "C1 CompilerThread0" daemon [_thread_blocked, id=12638, stack(0x00007fa1ec01c000,0x00007fa1ec11d000)]
  0x00007fa21016b000 JavaThread "Sweeper thread" daemon [_thread_blocked, id=12639, stack(0x00007fa1cf249000,0x00007fa1cf34a000)]
  0x00007fa2101fa000 JavaThread "Service Thread" daemon [_thread_blocked, id=12640, stack(0x00007fa1cf148000,0x00007fa1cf249000)]
  0x00007fa210209800 JavaThread "Common-Cleaner" daemon [_thread_blocked, id=12642, stack(0x00007fa1cef45000,0x00007fa1cf046000)]

Other Threads:
  0x00007fa210146000 VMThread "VM Thread" [stack: 0x00007fa1ec523000,0x00007fa1ec623000] [id=12633]
  0x00007fa210204800 WatcherThread [stack: 0x00007fa1cf048000,0x00007fa1cf148000] [id=12641]
  0x00007fa21003a000 GCTaskThread "GC Thread#0" [stack: 0x00007fa1f8419000,0x00007fa1f8519000] [id=12628]
  0x00007fa21006a800 ConcurrentGCThread "G1 Main Marker" [stack: 0x00007fa1ef60b000,0x00007fa1ef70b000] [id=12629]
  0x00007fa21006c800 ConcurrentGCThread "G1 Conc#0" [stack: 0x00007fa1ef509000,0x00007fa1ef609000] [id=12630]
  0x00007fa2100e4800 ConcurrentGCThread "G1 Refine#0" [stack: 0x00007fa1ed003000,0x00007fa1ed103000] [id=12631]
  0x00007fa2100e6800 ConcurrentGCThread "G1 Young RemSet Sampling" [stack: 0x00007fa1ecf01000,0x00007fa1ed001000] [id=12632]

Threads with active compile tasks:

VM state:not at safepoint (normal execution)

VM Mutex/Monitor currently owned by a thread: None

Heap address: 0x0000000085200000, size: 1966 MB, Compressed Oops mode: 32-bit
Narrow klass base: 0x0000000000000000, Narrow klass shift: 3
Compressed class space size: 1073741824 Address: 0x0000000100000000

Heap:
 garbage-first heap   total 126976K, used 1024K [0x0000000085200000, 0x0000000100000000)
  region size 1024K, 2 young (2048K), 0 survivors (0K)
 Metaspace       used 3756K, capacity 4486K, committed 4864K, reserved 1056768K
  class space    used 335K, capacity 386K, committed 512K, reserved 1048576K
Heap Regions: E=young(eden), S=young(survivor), O=old, HS=humongous(starts), HC=humongous(continues), CS=collection set, F=free, A=archive, TAMS=top-at-mark-start (previous, next)
|   0|0x0000000085200000, 0x0000000085200000, 0x0000000085300000|  0%| F|  |TAMS 0x0000000085200000, 0x0000000085200000| Untracked 
|   1|0x0000000085300000, 0x0000000085300000, 0x0000000085400000|  0%| F|  |TAMS 0x0000000085300000, 0x0000000085300000| Untracked 
|   2|0x0000000085400000, 0x0000000085400000, 0x0000000085500000|  0%| F|  |TAMS 0x0000000085400000, 0x0000000085400000| Untracked 
|   3|0x0000000085500000, 0x0000000085500000, 0x0000000085600000|  0%| F|  |TAMS 0x0000000085500000, 0x0000000085500000| Untracked 
|   4|0x0000000085600000, 0x0000000085600000, 0x0000000085700000|  0%| F|  |TAMS 0x0000000085600000, 0x0000000085600000| Untracked 
|   5|0x0000000085700000, 0x0000000085700000, 0x0000000085800000|  0%| F|  |TAMS 0x0000000085700000, 0x0000000085700000| Untracked 
|   6|0x0000000085800000, 0x0000000085800000, 0x0000000085900000|  0%| F|  |TAMS 0x0000000085800000, 0x0000000085800000| Untracked 
|   7|0x0000000085900000, 0x0000000085900000, 0x0000000085a00000|  0%| F|  |TAMS 0x0000000085900000, 0x0000000085900000| Untracked 
|   8|0x0000000085a00000, 0x0000000085a00000, 0x0000000085b00000|  0%| F|  |TAMS 0x0000000085a00000, 0x0000000085a00000| Untracked 
|   9|0x0000000085b00000, 0x0000000085b00000, 0x0000000085c00000|  0%| F|  |TAMS 0x0000000085b00000, 0x0000000085b00000| Untracked 
|  10|0x0000000085c00000, 0x0000000085c00000, 0x0000000085d00000|  0%| F|  |TAMS 0x0000000085c00000, 0x0000000085c00000| Untracked 
|  11|0x0000000085d00000, 0x0000000085d00000, 0x0000000085e00000|  0%| F|  |TAMS 0x0000000085d00000, 0x0000000085d00000| Untracked 
|  12|0x0000000085e00000, 0x0000000085e00000, 0x0000000085f00000|  0%| F|  |TAMS 0x0000000085e00000, 0x0000000085e00000| Untracked 
|  13|0x0000000085f00000, 0x0000000085f00000, 0x0000000086000000|  0%| F|  |TAMS 0x0000000085f00000, 0x0000000085f00000| Untracked 
|  14|0x0000000086000000, 0x0000000086000000, 0x0000000086100000|  0%| F|  |TAMS 0x0000000086000000, 0x0000000086000000| Untracked 
|  15|0x0000000086100000, 0x0000000086100000, 0x0000000086200000|  0%| F|  |TAMS 0x0000000086100000, 0x0000000086100000| Untracked 
|  16|0x0000000086200000, 0x0000000086200000, 0x0000000086300000|  0%| F|  |TAMS 0x0000000086200000, 0x0000000086200000| Untracked 
|  17|0x0000000086300000, 0x0000000086300000, 0x0000000086400000|  0%| F|  |TAMS 0x0000000086300000, 0x0000000086300000| Untracked 
|  18|0x0000000086400000, 0x0000000086400000, 0x0000000086500000|  0%| F|  |TAMS 0x0000000086400000, 0x0000000086400000| Untracked 
|  19|0x0000000086500000, 0x0000000086500000, 0x0000000086600000|  0%| F|  |TAMS 0x0000000086500000, 0x0000000086500000| Untracked 
|  20|0x0000000086600000, 0x0000000086600000, 0x0000000086700000|  0%| F|  |TAMS 0x0000000086600000, 0x0000000086600000| Untracked 
|  21|0x0000000086700000, 0x0000000086700000, 0x0000000086800000|  0%| F|  |TAMS 0x0000000086700000, 0x0000000086700000| Untracked 
|  22|0x0000000086800000, 0x0000000086800000, 0x0000000086900000|  0%| F|  |TAMS 0x0000000086800000, 0x0000000086800000| Untracked 
|  23|0x0000000086900000, 0x0000000086900000, 0x0000000086a00000|  0%| F|  |TAMS 0x0000000086900000, 0x0000000086900000| Untracked 
|  24|0x0000000086a00000, 0x0000000086a00000, 0x0000000086b00000|  0%| F|  |TAMS 0x0000000086a00000, 0x0000000086a00000| Untracked 
|  25|0x0000000086b00000, 0x0000000086b00000, 0x0000000086c00000|  0%| F|  |TAMS 0x0000000086b00000, 0x0000000086b00000| Untracked 
|  26|0x0000000086c00000, 0x0000000086c00000, 0x0000000086d00000|  0%| F|  |TAMS 0x0000000086c00000, 0x0000000086c00000| Untracked 
|  27|0x0000000086d00000, 0x0000000086d00000, 0x0000000086e00000|  0%| F|  |TAMS 0x0000000086d00000, 0x0000000086d00000| Untracked 
|  28|0x0000000086e00000, 0x0000000086e00000, 0x0000000086f00000|  0%| F|  |TAMS 0x0000000086e00000, 0x0000000086e00000| Untracked 
|  29|0x0000000086f00000, 0x0000000086f00000, 0x0000000087000000|  0%| F|  |TAMS 0x0000000086f00000, 0x0000000086f00000| Untracked 
|  30|0x0000000087000000, 0x0000000087000000, 0x0000000087100000|  0%| F|  |TAMS 0x0000000087000000, 0x0000000087000000| Untracked 
|  31|0x0000000087100000, 0x0000000087100000, 0x0000000087200000|  0%| F|  |TAMS 0x0000000087100000, 0x0000000087100000| Untracked 
|  32|0x0000000087200000, 0x0000000087200000, 0x0000000087300000|  0%| F|  |TAMS 0x0000000087200000, 0x0000000087200000| Untracked 
|  33|0x0000000087300000, 0x0000000087300000, 0x0000000087400000|  0%| F|  |TAMS 0x0000000087300000, 0x0000000087300000| Untracked 
|  34|0x0000000087400000, 0x0000000087400000, 0x0000000087500000|  0%| F|  |TAMS 0x0000000087400000, 0x0000000087400000| Untracked 
|  35|0x0000000087500000, 0x0000000087500000, 0x0000000087600000|  0%| F|  |TAMS 0x0000000087500000, 0x0000000087500000| Untracked 
|  36|0x0000000087600000, 0x0000000087600000, 0x0000000087700000|  0%| F|  |TAMS 0x0000000087600000, 0x0000000087600000| Untracked 
|  37|0x0000000087700000, 0x0000000087700000, 0x0000000087800000|  0%| F|  |TAMS 0x0000000087700000, 0x0000000087700000| Untracked 
|  38|0x0000000087800000, 0x0000000087800000, 0x0000000087900000|  0%| F|  |TAMS 0x0000000087800000, 0x0000000087800000| Untracked 
|  39|0x0000000087900000, 0x0000000087900000, 0x0000000087a00000|  0%| F|  |TAMS 0x0000000087900000, 0x0000000087900000| Untracked 
|  40|0x0000000087a00000, 0x0000000087a00000, 0x0000000087b00000|  0%| F|  |TAMS 0x0000000087a00000, 0x0000000087a00000| Untracked 
|  41|0x0000000087b00000, 0x0000000087b00000, 0x0000000087c00000|  0%| F|  |TAMS 0x0000000087b00000, 0x0000000087b00000| Untracked 
|  42|0x0000000087c00000, 0x0000000087c00000, 0x0000000087d00000|  0%| F|  |TAMS 0x0000000087c00000, 0x0000000087c00000| Untracked 
|  43|0x0000000087d00000, 0x0000000087d00000, 0x0000000087e00000|  0%| F|  |TAMS 0x0000000087d00000, 0x0000000087d00000| Untracked 
|  44|0x0000000087e00000, 0x0000000087e00000, 0x0000000087f00000|  0%| F|  |TAMS 0x0000000087e00000, 0x0000000087e00000| Untracked 
|  45|0x0000000087f00000, 0x0000000087f00000, 0x0000000088000000|  0%| F|  |TAMS 0x0000000087f00000, 0x0000000087f00000| Untracked 
|  46|0x0000000088000000, 0x0000000088000000, 0x0000000088100000|  0%| F|  |TAMS 0x0000000088000000, 0x0000000088000000| Untracked 
|  47|0x0000000088100000, 0x0000000088100000, 0x0000000088200000|  0%| F|  |TAMS 0x0000000088100000, 0x0000000088100000| Untracked 
|  48|0x0000000088200000, 0x0000000088200000, 0x0000000088300000|  0%| F|  |TAMS 0x0000000088200000, 0x0000000088200000| Untracked 
|  49|0x0000000088300000, 0x0000000088300000, 0x0000000088400000|  0%| F|  |TAMS 0x0000000088300000, 0x0000000088300000| Untracked 
|  50|0x0000000088400000, 0x0000000088400000, 0x0000000088500000|  0%| F|  |TAMS 0x0000000088400000, 0x0000000088400000| Untracked 
|  51|0x0000000088500000, 0x0000000088500000, 0x0000000088600000|  0%| F|  |TAMS 0x0000000088500000, 0x0000000088500000| Untracked 
|  52|0x0000000088600000, 0x0000000088600000, 0x0000000088700000|  0%| F|  |TAMS 0x0000000088600000, 0x0000000088600000| Untracked 
|  53|0x0000000088700000, 0x0000000088700000, 0x0000000088800000|  0%| F|  |TAMS 0x0000000088700000, 0x0000000088700000| Untracked 
|  54|0x0000000088800000, 0x0000000088800000, 0x0000000088900000|  0%| F|  |TAMS 0x0000000088800000, 0x0000000088800000| Untracked 
|  55|0x0000000088900000, 0x0000000088900000, 0x0000000088a00000|  0%| F|  |TAMS 0x0000000088900000, 0x0000000088900000| Untracked 
|  56|0x0000000088a00000, 0x0000000088a00000, 0x0000000088b00000|  0%| F|  |TAMS 0x0000000088a00000, 0x0000000088a00000| Untracked 
|  57|0x0000000088b00000, 0x0000000088b00000, 0x0000000088c00000|  0%| F|  |TAMS 0x0000000088b00000, 0x0000000088b00000| Untracked 
|  58|0x0000000088c00000, 0x0000000088c00000, 0x0000000088d00000|  0%| F|  |TAMS 0x0000000088c00000, 0x0000000088c00000| Untracked 
|  59|0x0000000088d00000, 0x0000000088d00000, 0x0000000088e00000|  0%| F|  |TAMS 0x0000000088d00000, 0x0000000088d00000| Untracked 
|  60|0x0000000088e00000, 0x0000000088e00000, 0x0000000088f00000|  0%| F|  |TAMS 0x0000000088e00000, 0x0000000088e00000| Untracked 
|  61|0x0000000088f00000, 0x0000000088f00000, 0x0000000089000000|  0%| F|  |TAMS 0x0000000088f00000, 0x0000000088f00000| Untracked 
|  62|0x0000000089000000, 0x0000000089000000, 0x0000000089100000|  0%| F|  |TAMS 0x0000000089000000, 0x0000000089000000| Untracked 
|  63|0x0000000089100000, 0x0000000089100000, 0x0000000089200000|  0%| F|  |TAMS 0x0000000089100000, 0x0000000089100000| Untracked 
|  64|0x0000000089200000, 0x0000000089200000, 0x0000000089300000|  0%| F|  |TAMS 0x0000000089200000, 0x0000000089200000| Untracked 
|  65|0x0000000089300000, 0x0000000089300000, 0x0000000089400000|  0%| F|  |TAMS 0x0000000089300000, 0x0000000089300000| Untracked 
|  66|0x0000000089400000, 0x0000000089400000, 0x0000000089500000|  0%| F|  |TAMS 0x0000000089400000, 0x0000000089400000| Untracked 
|  67|0x0000000089500000, 0x0000000089500000, 0x0000000089600000|  0%| F|  |TAMS 0x0000000089500000, 0x0000000089500000| Untracked 
|  68|0x0000000089600000, 0x0000000089600000, 0x0000000089700000|  0%| F|  |TAMS 0x0000000089600000, 0x0000000089600000| Untracked 
|  69|0x0000000089700000, 0x0000000089700000, 0x0000000089800000|  0%| F|  |TAMS 0x0000000089700000, 0x0000000089700000| Untracked 
|  70|0x0000000089800000, 0x0000000089800000, 0x0000000089900000|  0%| F|  |TAMS 0x0000000089800000, 0x0000000089800000| Untracked 
|  71|0x0000000089900000, 0x0000000089900000, 0x0000000089a00000|  0%| F|  |TAMS 0x0000000089900000, 0x0000000089900000| Untracked 
|  72|0x0000000089a00000, 0x0000000089a00000, 0x0000000089b00000|  0%| F|  |TAMS 0x0000000089a00000, 0x0000000089a00000| Untracked 
|  73|0x0000000089b00000, 0x0000000089b00000, 0x0000000089c00000|  0%| F|  |TAMS 0x0000000089b00000, 0x0000000089b00000| Untracked 
|  74|0x0000000089c00000, 0x0000000089c00000, 0x0000000089d00000|  0%| F|  |TAMS 0x0000000089c00000, 0x0000000089c00000| Untracked 
|  75|0x0000000089d00000, 0x0000000089d00000, 0x0000000089e00000|  0%| F|  |TAMS 0x0000000089d00000, 0x0000000089d00000| Untracked 
|  76|0x0000000089e00000, 0x0000000089e00000, 0x0000000089f00000|  0%| F|  |TAMS 0x0000000089e00000, 0x0000000089e00000| Untracked 
|  77|0x0000000089f00000, 0x0000000089f00000, 0x000000008a000000|  0%| F|  |TAMS 0x0000000089f00000, 0x0000000089f00000| Untracked 
|  78|0x000000008a000000, 0x000000008a000000, 0x000000008a100000|  0%| F|  |TAMS 0x000000008a000000, 0x000000008a000000| Untracked 
|  79|0x000000008a100000, 0x000000008a100000, 0x000000008a200000|  0%| F|  |TAMS 0x000000008a100000, 0x000000008a100000| Untracked 
|  80|0x000000008a200000, 0x000000008a200000, 0x000000008a300000|  0%| F|  |TAMS 0x000000008a200000, 0x000000008a200000| Untracked 
|  81|0x000000008a300000, 0x000000008a300000, 0x000000008a400000|  0%| F|  |TAMS 0x000000008a300000, 0x000000008a300000| Untracked 
|  82|0x000000008a400000, 0x000000008a400000, 0x000000008a500000|  0%| F|  |TAMS 0x000000008a400000, 0x000000008a400000| Untracked 
|  83|0x000000008a500000, 0x000000008a500000, 0x000000008a600000|  0%| F|  |TAMS 0x000000008a500000, 0x000000008a500000| Untracked 
|  84|0x000000008a600000, 0x000000008a600000, 0x000000008a700000|  0%| F|  |TAMS 0x000000008a600000, 0x000000008a600000| Untracked 
|  85|0x000000008a700000, 0x000000008a700000, 0x000000008a800000|  0%| F|  |TAMS 0x000000008a700000, 0x000000008a700000| Untracked 
|  86|0x000000008a800000, 0x000000008a800000, 0x000000008a900000|  0%| F|  |TAMS 0x000000008a800000, 0x000000008a800000| Untracked 
|  87|0x000000008a900000, 0x000000008a900000, 0x000000008aa00000|  0%| F|  |TAMS 0x000000008a900000, 0x000000008a900000| Untracked 
|  88|0x000000008aa00000, 0x000000008aa00000, 0x000000008ab00000|  0%| F|  |TAMS 0x000000008aa00000, 0x000000008aa00000| Untracked 
|  89|0x000000008ab00000, 0x000000008ab00000, 0x000000008ac00000|  0%| F|  |TAMS 0x000000008ab00000, 0x000000008ab00000| Untracked 
|  90|0x000000008ac00000, 0x000000008ac00000, 0x000000008ad00000|  0%| F|  |TAMS 0x000000008ac00000, 0x000000008ac00000| Untracked 
|  91|0x000000008ad00000, 0x000000008ad00000, 0x000000008ae00000|  0%| F|  |TAMS 0x000000008ad00000, 0x000000008ad00000| Untracked 
|  92|0x000000008ae00000, 0x000000008ae00000, 0x000000008af00000|  0%| F|  |TAMS 0x000000008ae00000, 0x000000008ae00000| Untracked 
|  93|0x000000008af00000, 0x000000008af00000, 0x000000008b000000|  0%| F|  |TAMS 0x000000008af00000, 0x000000008af00000| Untracked 
|  94|0x000000008b000000, 0x000000008b000000, 0x000000008b100000|  0%| F|  |TAMS 0x000000008b000000, 0x000000008b000000| Untracked 
|  95|0x000000008b100000, 0x000000008b100000, 0x000000008b200000|  0%| F|  |TAMS 0x000000008b100000, 0x000000008b100000| Untracked 
|  96|0x000000008b200000, 0x000000008b200000, 0x000000008b300000|  0%| F|  |TAMS 0x000000008b200000, 0x000000008b200000| Untracked 
|  97|0x000000008b300000, 0x000000008b300000, 0x000000008b400000|  0%| F|  |TAMS 0x000000008b300000, 0x000000008b300000| Untracked 
|  98|0x000000008b400000, 0x000000008b400000, 0x000000008b500000|  0%| F|  |TAMS 0x000000008b400000, 0x000000008b400000| Untracked 
|  99|0x000000008b500000, 0x000000008b500000, 0x000000008b600000|  0%| F|  |TAMS 0x000000008b500000, 0x000000008b500000| Untracked 
| 100|0x000000008b600000, 0x000000008b600000, 0x000000008b700000|  0%| F|  |TAMS 0x000000008b600000, 0x000000008b600000| Untracked 
| 101|0x000000008b700000, 0x000000008b700000, 0x000000008b800000|  0%| F|  |TAMS 0x000000008b700000, 0x000000008b700000| Untracked 
| 102|0x000000008b800000, 0x000000008b800000, 0x000000008b900000|  0%| F|  |TAMS 0x000000008b800000, 0x000000008b800000| Untracked 
| 103|0x000000008b900000, 0x000000008b900000, 0x000000008ba00000|  0%| F|  |TAMS 0x000000008b900000, 0x000000008b900000| Untracked 
| 104|0x000000008ba00000, 0x000000008ba00000, 0x000000008bb00000|  0%| F|  |TAMS 0x000000008ba00000, 0x000000008ba00000| Untracked 
| 105|0x000000008bb00000, 0x000000008bb00000, 0x000000008bc00000|  0%| F|  |TAMS 0x000000008bb00000, 0x000000008bb00000| Untracked 
| 106|0x000000008bc00000, 0x000000008bc00000, 0x000000008bd00000|  0%| F|  |TAMS 0x000000008bc00000, 0x000000008bc00000| Untracked 
| 107|0x000000008bd00000, 0x000000008bd00000, 0x000000008be00000|  0%| F|  |TAMS 0x000000008bd00000, 0x000000008bd00000| Untracked 
| 108|0x000000008be00000, 0x000000008be00000, 0x000000008bf00000|  0%| F|  |TAMS 0x000000008be00000, 0x000000008be00000| Untracked 
| 109|0x000000008bf00000, 0x000000008bf00000, 0x000000008c000000|  0%| F|  |TAMS 0x000000008bf00000, 0x000000008bf00000| Untracked 
| 110|0x000000008c000000, 0x000000008c000000, 0x000000008c100000|  0%| F|  |TAMS 0x000000008c000000, 0x000000008c000000| Untracked 
| 111|0x000000008c100000, 0x000000008c100000, 0x000000008c200000|  0%| F|  |TAMS 0x000000008c100000, 0x000000008c100000| Untracked 
| 112|0x000000008c200000, 0x000000008c200000, 0x000000008c300000|  0%| F|  |TAMS 0x000000008c200000, 0x000000008c200000| Untracked 
| 113|0x000000008c300000, 0x000000008c300000, 0x000000008c400000|  0%| F|  |TAMS 0x000000008c300000, 0x000000008c300000| Untracked 
| 114|0x000000008c400000, 0x000000008c400000, 0x000000008c500000|  0%| F|  |TAMS 0x000000008c400000, 0x000000008c400000| Untracked 
| 115|0x000000008c500000, 0x000000008c500000, 0x000000008c600000|  0%| F|  |TAMS 0x000000008c500000, 0x000000008c500000| Untracked 
| 116|0x000000008c600000, 0x000000008c600000, 0x000000008c700000|  0%| F|  |TAMS 0x000000008c600000, 0x000000008c600000| Untracked 
| 117|0x000000008c700000, 0x000000008c700000, 0x000000008c800000|  0%| F|  |TAMS 0x000000008c700000, 0x000000008c700000| Untracked 
| 118|0x000000008c800000, 0x000000008c800000, 0x000000008c900000|  0%| F|  |TAMS 0x000000008c800000, 0x000000008c800000| Untracked 
| 119|0x000000008c900000, 0x000000008c900000, 0x000000008ca00000|  0%| F|  |TAMS 0x000000008c900000, 0x000000008c900000| Untracked 
| 120|0x000000008ca00000, 0x000000008ca00000, 0x000000008cb00000|  0%| F|  |TAMS 0x000000008ca00000, 0x000000008ca00000| Untracked 
| 121|0x000000008cb00000, 0x000000008cb00000, 0x000000008cc00000|  0%| F|  |TAMS 0x000000008cb00000, 0x000000008cb00000| Untracked 
| 122|0x000000008cc00000, 0x000000008cc482f0, 0x000000008cd00000| 28%| E|  |TAMS 0x000000008cc00000, 0x000000008cc00000| Complete 
| 123|0x000000008cd00000, 0x000000008ce00000, 0x000000008ce00000|100%| E|CS|TAMS 0x000000008cd00000, 0x000000008cd00000| Complete 

Card table byte_map: [0x00007fa1f3852000,0x00007fa1f3c29000] _byte_map_base: 0x00007fa1f3429000

Marking Bits (Prev, Next): (CMBitMap*) 0x00007fa2100622d8, (CMBitMap*) 0x00007fa210062310
 Prev Bits: [0x00007fa1f15c3000, 0x00007fa1f347b000)
 Next Bits: [0x00007fa1ef70b000, 0x00007fa1f15c3000)

Polling page: 0x00007fa21743b000

Metaspace:

Usage:
  Non-class:      4.00 MB capacity,     3.34 MB ( 83%) used,   679.02 KB ( 17%) free+waste,   128 bytes ( <1%) overhead. 
      Class:    386.00 KB capacity,   335.25 KB ( 87%) used,    50.62 KB ( 13%) free+waste,   128 bytes ( <1%) overhead. 
       Both:      4.38 MB capacity,     3.67 MB ( 84%) used,   729.64 KB ( 16%) free+waste,   256 bytes ( <1%) overhead. 

Virtual space:
  Non-class space:        8.00 MB reserved,       4.25 MB ( 53%) committed 
      Class space:        1.00 GB reserved,     512.00 KB ( <1%) committed 
             Both:        1.01 GB reserved,       4.75 MB ( <1%) committed 

Chunk freelists:
   Non-Class:  0 bytes
       Class:  0 bytes
        Both:  0 bytes

CodeHeap 'non-profiled nmethods': size=120032Kb used=19Kb max_used=19Kb free=120012Kb
 bounds [0x00007fa2000cc000, 0x00007fa20033c000, 0x00007fa207604000]
CodeHeap 'profiled nmethods': size=120032Kb used=112Kb max_used=112Kb free=119919Kb
 bounds [0x00007fa1f8b94000, 0x00007fa1f8e04000, 0x00007fa2000cc000]
CodeHeap 'non-nmethods': size=5696Kb used=983Kb max_used=985Kb free=4712Kb
 bounds [0x00007fa1f8604000, 0x00007fa1f8874000, 0x00007fa1f8b94000]
 total_blobs=378 nmethods=82 adapters=158
 compilation: enabled
              stopped_count=0, restarted_count=0
 full_count=0

Compilation events (10 events):
Event: 0.140 Thread 0x00007fa210169000   78       3       java.lang.String::length (11 bytes)
Event: 0.140 Thread 0x00007fa210169000 nmethod 78 0x00007fa1f8bae690 code [0x00007fa1f8bae840, 0x00007fa1f8baea30]
Event: 0.142 Thread 0x00007fa210169000   79       3       java.lang.StringLatin1::indexOf (61 bytes)
Event: 0.142 Thread 0x00007fa210169000 nmethod 79 0x00007fa1f8baeb10 code [0x00007fa1f8baece0, 0x00007fa1f8baf0f0]
Event: 0.142 Thread 0x00007fa210169000   80       3       java.lang.StringLatin1::canEncode (13 bytes)
Event: 0.142 Thread 0x00007fa210169000 nmethod 80 0x00007fa1f8baf210 code [0x00007fa1f8baf3c0, 0x00007fa1f8baf550]
Event: 0.148 Thread 0x00007fa210169000   81       3       sun.nio.fs.UnixPath::checkNotNul (16 bytes)
Event: 0.148 Thread 0x00007fa210169000 nmethod 81 0x00007fa1f8baf610 code [0x00007fa1f8baf7e0, 0x00007fa1f8baf9e8]
Event: 0.149 Thread 0x00007fa210169000   82       3       java.lang.AbstractStringBuilder::ensureCapacityInternal (39 bytes)
Event: 0.150 Thread 0x00007fa210169000 nmethod 82 0x00007fa1f8bafa90 code [0x00007fa1f8bafc80, 0x00007fa1f8bb0158]

GC Heap History (0 events):
No events

Deoptimization events (1 events):
Event: 0.139 Thread 0x00007fa210012000 Uncommon trap: reason=unstable_if action=reinterpret pc=0x00007fa2000d05f4 method=java.lang.String.hashCode()I @ 14 c2

Classes redefined (0 events):
No events

Internal exceptions (0 events):
No events

Events (10 events):
Event: 0.149 loading class java/lang/PublicMethods$MethodList
Event: 0.149 loading class java/lang/PublicMethods$MethodList done
Event: 0.149 loading class java/lang/PublicMethods$Key
Event: 0.149 loading class java/lang/PublicMethods$Key done
Event: 0.149 loading class java/lang/Void
Event: 0.149 loading class java/lang/Void done
Event: 0.149 loading class Test
Event: 0.149 loading class Test done
Event: 0.149 loading class Any
Event: 0.149 loading class Any done


Dynamic libraries:
00400000-00401000 r-xp 00000000 08:05 1849487                            /usr/lib/jvm/jdk-11.0.3/bin/java
00600000-00601000 r--p 00000000 08:05 1849487                            /usr/lib/jvm/jdk-11.0.3/bin/java
00601000-00602000 rw-p 00001000 08:05 1849487                            /usr/lib/jvm/jdk-11.0.3/bin/java
00734000-00755000 rw-p 00000000 00:00 0                                  [heap]
85200000-8ce00000 rw-p 00000000 00:00 0 
8ce00000-100000000 ---p 00000000 00:00 0 
100000000-100080000 rw-p 00000000 00:00 0 
100080000-140000000 ---p 00000000 00:00 0 
7fa1b0000000-7fa1b0021000 rw-p 00000000 00:00 0 
7fa1b0021000-7fa1b4000000 ---p 00000000 00:00 0 
7fa1b4000000-7fa1b4021000 rw-p 00000000 00:00 0 
7fa1b4021000-7fa1b8000000 ---p 00000000 00:00 0 
7fa1b8000000-7fa1b8021000 rw-p 00000000 00:00 0 
7fa1b8021000-7fa1bc000000 ---p 00000000 00:00 0 
7fa1bc000000-7fa1bc021000 rw-p 00000000 00:00 0 
7fa1bc021000-7fa1c0000000 ---p 00000000 00:00 0 
7fa1c0000000-7fa1c0097000 rw-p 00000000 00:00 0 
7fa1c0097000-7fa1c4000000 ---p 00000000 00:00 0 
7fa1c4000000-7fa1c406f000 rw-p 00000000 00:00 0 
7fa1c406f000-7fa1c8000000 ---p 00000000 00:00 0 
7fa1c8000000-7fa1c8021000 rw-p 00000000 00:00 0 
7fa1c8021000-7fa1cc000000 ---p 00000000 00:00 0 
7fa1ce79b000-7fa1ceb1c000 rw-p 00000000 00:00 0 
7fa1ceb1c000-7fa1ceb32000 r-xp 00000000 08:05 1860574                    /usr/lib/jvm/jdk-11.0.3/lib/libnet.so
7fa1ceb32000-7fa1ced32000 ---p 00016000 08:05 1860574                    /usr/lib/jvm/jdk-11.0.3/lib/libnet.so
7fa1ced32000-7fa1ced33000 r--p 00016000 08:05 1860574                    /usr/lib/jvm/jdk-11.0.3/lib/libnet.so
7fa1ced33000-7fa1ced34000 rw-p 00017000 08:05 1860574                    /usr/lib/jvm/jdk-11.0.3/lib/libnet.so
7fa1ced34000-7fa1ced44000 r-xp 00000000 08:05 1860550                    /usr/lib/jvm/jdk-11.0.3/lib/libnio.so
7fa1ced44000-7fa1cef43000 ---p 00010000 08:05 1860550                    /usr/lib/jvm/jdk-11.0.3/lib/libnio.so
7fa1cef43000-7fa1cef44000 r--p 0000f000 08:05 1860550                    /usr/lib/jvm/jdk-11.0.3/lib/libnio.so
7fa1cef44000-7fa1cef45000 rw-p 00010000 08:05 1860550                    /usr/lib/jvm/jdk-11.0.3/lib/libnio.so
7fa1cef45000-7fa1cef49000 ---p 00000000 00:00 0 
7fa1cef49000-7fa1cf046000 rw-p 00000000 00:00 0 
7fa1cf046000-7fa1cf047000 ---p 00000000 00:00 0 
7fa1cf047000-7fa1cf148000 rw-p 00000000 00:00 0 
7fa1cf148000-7fa1cf14c000 ---p 00000000 00:00 0 
7fa1cf14c000-7fa1cf249000 rw-p 00000000 00:00 0 
7fa1cf249000-7fa1cf24d000 ---p 00000000 00:00 0 
7fa1cf24d000-7fa1cf34a000 rw-p 00000000 00:00 0 
7fa1cf34a000-7fa1d0000000 r--p 00000000 08:05 1845643                    /usr/lib/locale/locale-archive
7fa1d0000000-7fa1d0021000 rw-p 00000000 00:00 0 
7fa1d0021000-7fa1d4000000 ---p 00000000 00:00 0 
7fa1d4000000-7fa1d4021000 rw-p 00000000 00:00 0 
7fa1d4021000-7fa1d8000000 ---p 00000000 00:00 0 
7fa1d8000000-7fa1d8021000 rw-p 00000000 00:00 0 
7fa1d8021000-7fa1dc000000 ---p 00000000 00:00 0 
7fa1dc000000-7fa1dc021000 rw-p 00000000 00:00 0 
7fa1dc021000-7fa1e0000000 ---p 00000000 00:00 0 
7fa1e0000000-7fa1e0021000 rw-p 00000000 00:00 0 
7fa1e0021000-7fa1e4000000 ---p 00000000 00:00 0 
7fa1e4000000-7fa1e4021000 rw-p 00000000 00:00 0 
7fa1e4021000-7fa1e8000000 ---p 00000000 00:00 0 
7fa1e8000000-7fa1e8021000 rw-p 00000000 00:00 0 
7fa1e8021000-7fa1ec000000 ---p 00000000 00:00 0 
7fa1ec01c000-7fa1ec020000 ---p 00000000 00:00 0 
7fa1ec020000-7fa1ec11d000 rw-p 00000000 00:00 0 
7fa1ec11d000-7fa1ec121000 ---p 00000000 00:00 0 
7fa1ec121000-7fa1ec21e000 rw-p 00000000 00:00 0 
7fa1ec21e000-7fa1ec222000 ---p 00000000 00:00 0 
7fa1ec222000-7fa1ec31f000 rw-p 00000000 00:00 0 
7fa1ec31f000-7fa1ec323000 ---p 00000000 00:00 0 
7fa1ec323000-7fa1ec420000 rw-p 00000000 00:00 0 
7fa1ec420000-7fa1ec424000 ---p 00000000 00:00 0 
7fa1ec424000-7fa1ec521000 rw-p 00000000 00:00 0 
7fa1ec521000-7fa1ec522000 ---p 00000000 00:00 0 
7fa1ec522000-7fa1ecb3f000 rw-p 00000000 00:00 0 
7fa1ecb3f000-7fa1eceff000 ---p 00000000 00:00 0 
7fa1eceff000-7fa1ecf00000 ---p 00000000 00:00 0 
7fa1ecf00000-7fa1ed001000 rw-p 00000000 00:00 0 
7fa1ed001000-7fa1ed002000 ---p 00000000 00:00 0 
7fa1ed002000-7fa1ef507000 rw-p 00000000 00:00 0 
7fa1ef507000-7fa1ef508000 ---p 00000000 00:00 0 
7fa1ef508000-7fa1ef609000 rw-p 00000000 00:00 0 
7fa1ef609000-7fa1ef60a000 ---p 00000000 00:00 0 
7fa1ef60a000-7fa1ef8fb000 rw-p 00000000 00:00 0 
7fa1ef8fb000-7fa1f15c3000 ---p 00000000 00:00 0 
7fa1f15c3000-7fa1f17b3000 rw-p 00000000 00:00 0 
7fa1f17b3000-7fa1f347b000 ---p 00000000 00:00 0 
7fa1f347b000-7fa1f34b9000 rw-p 00000000 00:00 0 
7fa1f34b9000-7fa1f3852000 ---p 00000000 00:00 0 
7fa1f3852000-7fa1f3890000 rw-p 00000000 00:00 0 
7fa1f3890000-7fa1f3c29000 ---p 00000000 00:00 0 
7fa1f3c29000-7fa1f3c67000 rw-p 00000000 00:00 0 
7fa1f3c67000-7fa1f4000000 ---p 00000000 00:00 0 
7fa1f4000000-7fa1f4021000 rw-p 00000000 00:00 0 
7fa1f4021000-7fa1f8000000 ---p 00000000 00:00 0 
7fa1f8013000-7fa1f8417000 rw-p 00000000 00:00 0 
7fa1f8417000-7fa1f8418000 ---p 00000000 00:00 0 
7fa1f8418000-7fa1f851e000 rw-p 00000000 00:00 0 
7fa1f851e000-7fa1f8604000 ---p 00000000 00:00 0 
7fa1f8604000-7fa1f8874000 rwxp 00000000 00:00 0 
7fa1f8874000-7fa1f8b94000 ---p 00000000 00:00 0 
7fa1f8b94000-7fa1f8e04000 rwxp 00000000 00:00 0 
7fa1f8e04000-7fa2000cc000 ---p 00000000 00:00 0 
7fa2000cc000-7fa20033c000 rwxp 00000000 00:00 0 
7fa20033c000-7fa207604000 ---p 00000000 00:00 0 
7fa207604000-7fa20f9c9000 r--s 00000000 08:05 1860592                    /usr/lib/jvm/jdk-11.0.3/lib/modules
7fa20f9c9000-7fa20f9e4000 r-xp 00000000 08:05 1860572                    /usr/lib/jvm/jdk-11.0.3/lib/libjimage.so
7fa20f9e4000-7fa20fbe3000 ---p 0001b000 08:05 1860572                    /usr/lib/jvm/jdk-11.0.3/lib/libjimage.so
7fa20fbe3000-7fa20fbe5000 r--p 0001a000 08:05 1860572                    /usr/lib/jvm/jdk-11.0.3/lib/libjimage.so
7fa20fbe5000-7fa20fbe6000 rw-p 0001c000 08:05 1860572                    /usr/lib/jvm/jdk-11.0.3/lib/libjimage.so
7fa20fbe6000-7fa20fbed000 r-xp 00000000 08:05 1860553                    /usr/lib/jvm/jdk-11.0.3/lib/libzip.so
7fa20fbed000-7fa20fdec000 ---p 00007000 08:05 1860553                    /usr/lib/jvm/jdk-11.0.3/lib/libzip.so
7fa20fdec000-7fa20fded000 r--p 00006000 08:05 1860553                    /usr/lib/jvm/jdk-11.0.3/lib/libzip.so
7fa20fded000-7fa20fdee000 rw-p 00007000 08:05 1860553                    /usr/lib/jvm/jdk-11.0.3/lib/libzip.so
7fa20fdee000-7fa20fdf9000 r-xp 00000000 08:05 1319003                    /lib/x86_64-linux-gnu/libnss_files-2.27.so
7fa20fdf9000-7fa20fff8000 ---p 0000b000 08:05 1319003                    /lib/x86_64-linux-gnu/libnss_files-2.27.so
7fa20fff8000-7fa20fff9000 r--p 0000a000 08:05 1319003                    /lib/x86_64-linux-gnu/libnss_files-2.27.so
7fa20fff9000-7fa20fffa000 rw-p 0000b000 08:05 1319003                    /lib/x86_64-linux-gnu/libnss_files-2.27.so
7fa20fffa000-7fa210000000 rw-p 00000000 00:00 0 
7fa210000000-7fa210224000 rw-p 00000000 00:00 0 
7fa210224000-7fa214000000 ---p 00000000 00:00 0 
7fa214018000-7fa21404e000 rw-p 00000000 00:00 0 
7fa21404e000-7fa214134000 ---p 00000000 00:00 0 
7fa214134000-7fa21414b000 r-xp 00000000 08:05 1318997                    /lib/x86_64-linux-gnu/libnsl-2.27.so
7fa21414b000-7fa21434a000 ---p 00017000 08:05 1318997                    /lib/x86_64-linux-gnu/libnsl-2.27.so
7fa21434a000-7fa21434b000 r--p 00016000 08:05 1318997                    /lib/x86_64-linux-gnu/libnsl-2.27.so
7fa21434b000-7fa21434c000 rw-p 00017000 08:05 1318997                    /lib/x86_64-linux-gnu/libnsl-2.27.so
7fa21434c000-7fa21434e000 rw-p 00000000 00:00 0 
7fa21434e000-7fa214359000 r-xp 00000000 08:05 1319014                    /lib/x86_64-linux-gnu/libnss_nis-2.27.so
7fa214359000-7fa214558000 ---p 0000b000 08:05 1319014                    /lib/x86_64-linux-gnu/libnss_nis-2.27.so
7fa214558000-7fa214559000 r--p 0000a000 08:05 1319014                    /lib/x86_64-linux-gnu/libnss_nis-2.27.so
7fa214559000-7fa21455a000 rw-p 0000b000 08:05 1319014                    /lib/x86_64-linux-gnu/libnss_nis-2.27.so
7fa21455a000-7fa214562000 r-xp 00000000 08:05 1318999                    /lib/x86_64-linux-gnu/libnss_compat-2.27.so
7fa214562000-7fa214762000 ---p 00008000 08:05 1318999                    /lib/x86_64-linux-gnu/libnss_compat-2.27.so
7fa214762000-7fa214763000 r--p 00008000 08:05 1318999                    /lib/x86_64-linux-gnu/libnss_compat-2.27.so
7fa214763000-7fa214764000 rw-p 00009000 08:05 1318999                    /lib/x86_64-linux-gnu/libnss_compat-2.27.so
7fa214764000-7fa21478d000 r-xp 00000000 08:05 1860554                    /usr/lib/jvm/jdk-11.0.3/lib/libjava.so
7fa21478d000-7fa21498d000 ---p 00029000 08:05 1860554                    /usr/lib/jvm/jdk-11.0.3/lib/libjava.so
7fa21498d000-7fa21498e000 r--p 00029000 08:05 1860554                    /usr/lib/jvm/jdk-11.0.3/lib/libjava.so
7fa21498e000-7fa214990000 rw-p 0002a000 08:05 1860554                    /usr/lib/jvm/jdk-11.0.3/lib/libjava.so
7fa214990000-7fa21499d000 r-xp 00000000 08:05 1860587                    /usr/lib/jvm/jdk-11.0.3/lib/libverify.so
7fa21499d000-7fa214b9c000 ---p 0000d000 08:05 1860587                    /usr/lib/jvm/jdk-11.0.3/lib/libverify.so
7fa214b9c000-7fa214b9e000 r--p 0000c000 08:05 1860587                    /usr/lib/jvm/jdk-11.0.3/lib/libverify.so
7fa214b9e000-7fa214b9f000 rw-p 0000e000 08:05 1860587                    /usr/lib/jvm/jdk-11.0.3/lib/libverify.so
7fa214b9f000-7fa214ba6000 r-xp 00000000 08:05 1319054                    /lib/x86_64-linux-gnu/librt-2.27.so
7fa214ba6000-7fa214da5000 ---p 00007000 08:05 1319054                    /lib/x86_64-linux-gnu/librt-2.27.so
7fa214da5000-7fa214da6000 r--p 00006000 08:05 1319054                    /lib/x86_64-linux-gnu/librt-2.27.so
7fa214da6000-7fa214da7000 rw-p 00007000 08:05 1319054                    /lib/x86_64-linux-gnu/librt-2.27.so
7fa214da7000-7fa214f44000 r-xp 00000000 08:05 1318976                    /lib/x86_64-linux-gnu/libm-2.27.so
7fa214f44000-7fa215143000 ---p 0019d000 08:05 1318976                    /lib/x86_64-linux-gnu/libm-2.27.so
7fa215143000-7fa215144000 r--p 0019c000 08:05 1318976                    /lib/x86_64-linux-gnu/libm-2.27.so
7fa215144000-7fa215145000 rw-p 0019d000 08:05 1318976                    /lib/x86_64-linux-gnu/libm-2.27.so
7fa215145000-7fa216285000 r-xp 00000000 08:05 1975951                    /usr/lib/jvm/jdk-11.0.3/lib/server/libjvm.so
7fa216285000-7fa216485000 ---p 01140000 08:05 1975951                    /usr/lib/jvm/jdk-11.0.3/lib/server/libjvm.so
7fa216485000-7fa216544000 r--p 01140000 08:05 1975951                    /usr/lib/jvm/jdk-11.0.3/lib/server/libjvm.so
7fa216544000-7fa21657d000 rw-p 011ff000 08:05 1975951                    /usr/lib/jvm/jdk-11.0.3/lib/server/libjvm.so
7fa21657d000-7fa2165d4000 rw-p 00000000 00:00 0 
7fa2165d4000-7fa2167bb000 r-xp 00000000 08:05 1318913                    /lib/x86_64-linux-gnu/libc-2.27.so
7fa2167bb000-7fa2169bb000 ---p 001e7000 08:05 1318913                    /lib/x86_64-linux-gnu/libc-2.27.so
7fa2169bb000-7fa2169bf000 r--p 001e7000 08:05 1318913                    /lib/x86_64-linux-gnu/libc-2.27.so
7fa2169bf000-7fa2169c1000 rw-p 001eb000 08:05 1318913                    /lib/x86_64-linux-gnu/libc-2.27.so
7fa2169c1000-7fa2169c5000 rw-p 00000000 00:00 0 
7fa2169c5000-7fa2169c8000 r-xp 00000000 08:05 1318936                    /lib/x86_64-linux-gnu/libdl-2.27.so
7fa2169c8000-7fa216bc7000 ---p 00003000 08:05 1318936                    /lib/x86_64-linux-gnu/libdl-2.27.so
7fa216bc7000-7fa216bc8000 r--p 00002000 08:05 1318936                    /lib/x86_64-linux-gnu/libdl-2.27.so
7fa216bc8000-7fa216bc9000 rw-p 00003000 08:05 1318936                    /lib/x86_64-linux-gnu/libdl-2.27.so
7fa216bc9000-7fa216bd9000 r-xp 00000000 08:05 1975935                    /usr/lib/jvm/jdk-11.0.3/lib/jli/libjli.so
7fa216bd9000-7fa216dd8000 ---p 00010000 08:05 1975935                    /usr/lib/jvm/jdk-11.0.3/lib/jli/libjli.so
7fa216dd8000-7fa216dd9000 r--p 0000f000 08:05 1975935                    /usr/lib/jvm/jdk-11.0.3/lib/jli/libjli.so
7fa216dd9000-7fa216dda000 rw-p 00010000 08:05 1975935                    /usr/lib/jvm/jdk-11.0.3/lib/jli/libjli.so
7fa216dda000-7fa216df4000 r-xp 00000000 08:05 1319046                    /lib/x86_64-linux-gnu/libpthread-2.27.so
7fa216df4000-7fa216ff3000 ---p 0001a000 08:05 1319046                    /lib/x86_64-linux-gnu/libpthread-2.27.so
7fa216ff3000-7fa216ff4000 r--p 00019000 08:05 1319046                    /lib/x86_64-linux-gnu/libpthread-2.27.so
7fa216ff4000-7fa216ff5000 rw-p 0001a000 08:05 1319046                    /lib/x86_64-linux-gnu/libpthread-2.27.so
7fa216ff5000-7fa216ff9000 rw-p 00000000 00:00 0 
7fa216ff9000-7fa217015000 r-xp 00000000 08:05 1319085                    /lib/x86_64-linux-gnu/libz.so.1.2.11
7fa217015000-7fa217214000 ---p 0001c000 08:05 1319085                    /lib/x86_64-linux-gnu/libz.so.1.2.11
7fa217214000-7fa217215000 r--p 0001b000 08:05 1319085                    /lib/x86_64-linux-gnu/libz.so.1.2.11
7fa217215000-7fa217216000 rw-p 0001c000 08:05 1319085                    /lib/x86_64-linux-gnu/libz.so.1.2.11
7fa217216000-7fa21723d000 r-xp 00000000 08:05 1318885                    /lib/x86_64-linux-gnu/ld-2.27.so
7fa217266000-7fa217312000 rw-p 00000000 00:00 0 
7fa217312000-7fa217316000 ---p 00000000 00:00 0 
7fa217316000-7fa217417000 rw-p 00000000 00:00 0 
7fa217427000-7fa21742c000 rw-p 00000000 00:00 0 
7fa21742c000-7fa217433000 ---p 00000000 00:00 0 
7fa217433000-7fa21743b000 rw-s 00000000 08:05 922257                     /tmp/hsperfdata_zhivar/12626
7fa21743b000-7fa21743c000 ---p 00000000 00:00 0 
7fa21743c000-7fa21743d000 r--p 00000000 00:00 0 
7fa21743d000-7fa21743e000 r--p 00027000 08:05 1318885                    /lib/x86_64-linux-gnu/ld-2.27.so
7fa21743e000-7fa21743f000 rw-p 00028000 08:05 1318885                    /lib/x86_64-linux-gnu/ld-2.27.so
7fa21743f000-7fa217440000 rw-p 00000000 00:00 0 
7ffd21875000-7ffd21896000 rw-p 00000000 00:00 0                          [stack]
7ffd218ab000-7ffd218ae000 r--p 00000000 00:00 0                          [vvar]
7ffd218ae000-7ffd218b0000 r-xp 00000000 00:00 0                          [vdso]
ffffffffff600000-ffffffffff601000 r-xp 00000000 00:00 0                  [vsyscall]


VM Arguments:
jvm_args: -Xverify:none 
java_command: Runner
java_class_path (initial): .
Launcher Type: SUN_STANDARD

[Global flags]
     bool BytecodeVerificationLocal                = false                                     {product} {command line}
     bool BytecodeVerificationRemote               = false                                     {product} {command line}
     intx CICompilerCount                          = 3                                         {product} {ergonomic}
     uint ConcGCThreads                            = 1                                         {product} {ergonomic}
     uint G1ConcRefinementThreads                  = 4                                         {product} {ergonomic}
   size_t G1HeapRegionSize                         = 1048576                                   {product} {ergonomic}
    uintx GCDrainStackTargetSize                   = 64                                        {product} {ergonomic}
   size_t InitialHeapSize                          = 130023424                                 {product} {ergonomic}
   size_t MarkStackSize                            = 4194304                                   {product} {ergonomic}
   size_t MaxHeapSize                              = 2061500416                                {product} {ergonomic}
   size_t MaxNewSize                               = 1236271104                                {product} {ergonomic}
   size_t MinHeapDeltaBytes                        = 1048576                                   {product} {ergonomic}
    uintx NonNMethodCodeHeapSize                   = 5830092                                {pd product} {ergonomic}
    uintx NonProfiledCodeHeapSize                  = 122914074                              {pd product} {ergonomic}
    uintx ProfiledCodeHeapSize                     = 122914074                              {pd product} {ergonomic}
    uintx ReservedCodeCacheSize                    = 251658240                              {pd product} {ergonomic}
     bool SegmentedCodeCache                       = true                                      {product} {ergonomic}
     bool UseCompressedClassPointers               = true                                 {lp64_product} {ergonomic}
     bool UseCompressedOops                        = true                                 {lp64_product} {ergonomic}
     bool UseG1GC                                  = true                                      {product} {ergonomic}

Logging:
Log output configuration:
 #0: stdout all=warning uptime,level,tags
 #1: stderr all=off uptime,level,tags

Environment Variables:
JAVA_HOME=/usr/lib/jvm/jdk-11.0.3
PATH=/home/zhivar/.local/bin:/usr/local/sbin:/usr/local/bin:/usr/sbin:/usr/bin:/sbin:/bin:/usr/games:/usr/local/games:/snap/bin:/usr/lib/jvm/jdk-11.0.3/bin:/usr/lib/jvm/jdk-11.0.3/db/bin
USERNAME=zhivar
SHELL=/usr/bin/zsh
DISPLAY=:0

Signal Handlers:
SIGSEGV: [libjvm.so+0xe2b7d0], sa_mask[0]=11111111011111111101111111111110, sa_flags=SA_RESTART|SA_SIGINFO
SIGBUS: [libjvm.so+0xe2b7d0], sa_mask[0]=11111111011111111101111111111110, sa_flags=SA_RESTART|SA_SIGINFO
SIGFPE: [libjvm.so+0xe2b7d0], sa_mask[0]=11111111011111111101111111111110, sa_flags=SA_RESTART|SA_SIGINFO
SIGPIPE: [libjvm.so+0xbffe60], sa_mask[0]=11111111011111111101111111111110, sa_flags=SA_RESTART|SA_SIGINFO
SIGXFSZ: [libjvm.so+0xbffe60], sa_mask[0]=11111111011111111101111111111110, sa_flags=SA_RESTART|SA_SIGINFO
SIGILL: [libjvm.so+0xe2b7d0], sa_mask[0]=11111111011111111101111111111110, sa_flags=SA_RESTART|SA_SIGINFO
SIGUSR2: [libjvm.so+0xbffd00], sa_mask[0]=00000000000000000000000000000000, sa_flags=SA_RESTART|SA_SIGINFO
SIGHUP: [libjvm.so+0xc00060], sa_mask[0]=11111111011111111101111111111110, sa_flags=SA_RESTART|SA_SIGINFO
SIGINT: [libjvm.so+0xc00060], sa_mask[0]=11111111011111111101111111111110, sa_flags=SA_RESTART|SA_SIGINFO
SIGTERM: [libjvm.so+0xc00060], sa_mask[0]=11111111011111111101111111111110, sa_flags=SA_RESTART|SA_SIGINFO
SIGQUIT: [libjvm.so+0xc00060], sa_mask[0]=11111111011111111101111111111110, sa_flags=SA_RESTART|SA_SIGINFO


---------------  S Y S T E M  ---------------

OS:DISTRIB_ID=Ubuntu
DISTRIB_RELEASE=18.04
DISTRIB_CODENAME=bionic
DISTRIB_DESCRIPTION="Ubuntu 18.04.2 LTS"
uname:Linux 4.18.0-20-generic #21~18.04.1-Ubuntu SMP Wed May 8 08:43:37 UTC 2019 x86_64
libc:glibc 2.27 NPTL 2.27 
rlimit: STACK 8192k, CORE 0k, NPROC 30854, NOFILE 1048576, AS infinity, DATA infinity, FSIZE infinity
load average:1.91 1.14 1.02

/proc/meminfo:
MemTotal:        8046784 kB
MemFree:         1257804 kB
MemAvailable:    3477900 kB
Buffers:          239008 kB
Cached:          2890464 kB
SwapCached:            0 kB
Active:          4384244 kB
Inactive:        1989180 kB
Active(anon):    3246216 kB
Inactive(anon):   742404 kB
Active(file):    1138028 kB
Inactive(file):  1246776 kB
Unevictable:          64 kB
Mlocked:              64 kB
SwapTotal:       1808224 kB
SwapFree:        1808224 kB
Dirty:               160 kB
Writeback:             0 kB
AnonPages:       3244368 kB
Mapped:           705724 kB
Shmem:            744532 kB
Slab:             196024 kB
SReclaimable:     117716 kB
SUnreclaim:        78308 kB
KernelStack:       16920 kB
PageTables:        79796 kB
NFS_Unstable:          0 kB
Bounce:                0 kB
WritebackTmp:          0 kB
CommitLimit:     5831616 kB
Committed_AS:   12186064 kB
VmallocTotal:   34359738367 kB
VmallocUsed:           0 kB
VmallocChunk:          0 kB
HardwareCorrupted:     0 kB
AnonHugePages:         0 kB
ShmemHugePages:        0 kB
ShmemPmdMapped:        0 kB
CmaTotal:              0 kB
CmaFree:               0 kB
HugePages_Total:       0
HugePages_Free:        0
HugePages_Rsvd:        0
HugePages_Surp:        0
Hugepagesize:       2048 kB
Hugetlb:               0 kB
DirectMap4k:      302744 kB
DirectMap2M:     6916096 kB
DirectMap1G:     1048576 kB


/proc/sys/kernel/threads-max (system-wide limit on the number of threads):
61708


/proc/sys/vm/max_map_count (maximum number of memory map areas a process may have):
65530


/proc/sys/kernel/pid_max (system-wide limit on number of process identifiers):
32768



container (cgroup) information:
container_type: cgroupv1
cpu_cpuset_cpus: 0-3
cpu_memory_nodes: 0
active_processor_count: 4
cpu_quota: -1
cpu_period: 100000
cpu_shares: -1
memory_limit_in_bytes: -1
memory_and_swap_limit_in_bytes: -2
memory_soft_limit_in_bytes: -1
memory_usage_in_bytes: 6526803968
memory_max_usage_in_bytes: 0


CPU:total 4 (initial active 4) (2 cores per cpu, 2 threads per core) family 6 model 142 stepping 9, cmov, cx8, fxsr, mmx, sse, sse2, sse3, ssse3, sse4.1, sse4.2, popcnt, avx, avx2, aes, clmul, erms, 3dnowpref, lzcnt, ht, tsc, tscinvbit, bmi1, bmi2, adx, fma
CPU Model and flags from /proc/cpuinfo:
model name	: Intel(R) Core(TM) i7-7500U CPU @ 2.70GHz
flags		: fpu vme de pse tsc msr pae mce cx8 apic sep mtrr pge mca cmov pat pse36 clflush dts acpi mmx fxsr sse sse2 ss ht tm pbe syscall nx pdpe1gb rdtscp lm constant_tsc art arch_perfmon pebs bts rep_good nopl xtopology nonstop_tsc cpuid aperfmperf tsc_known_freq pni pclmulqdq dtes64 monitor ds_cpl vmx est tm2 ssse3 sdbg fma cx16 xtpr pdcm pcid sse4_1 sse4_2 x2apic movbe popcnt tsc_deadline_timer aes xsave avx f16c rdrand lahf_lm abm 3dnowprefetch cpuid_fault epb invpcid_single pti ssbd ibrs ibpb stibp tpr_shadow vnmi flexpriority ept vpid fsgsbase tsc_adjust bmi1 avx2 smep bmi2 erms invpcid mpx rdseed adx smap clflushopt intel_pt xsaveopt xsavec xgetbv1 xsaves dtherm ida arat pln pts hwp hwp_notify hwp_act_window hwp_epp md_clear flush_l1d

Memory: 4k page, physical 8046784k(1257804k free), swap 1808224k(1808224k free)

vm_info: Java HotSpot(TM) 64-Bit Server VM (11.0.3+12-LTS) for linux-amd64 JRE (11.0.3+12-LTS), built on Apr  2 2019 04:32:42 by "mach5one" with gcc 7.3.0

END.
